C51 COMPILER V9.00   MAIN                                                                  04/27/2020 10:17:41 PAGE 1   


C51 COMPILER V9.00, COMPILATION OF MODULE MAIN
OBJECT MODULE PLACED IN ..\obj\main.obj
COMPILER INVOKED BY: D:\Keil_c51\C51\BIN\C51.EXE ..\code\main.c BROWSE INCDIR(..\code;..\user) DEBUG OBJECTEXTEND PRINT(
                    -.\main.lst) TABS(2) OBJECT(..\obj\main.obj)

line level    source

   1          /***************************绿深旗舰店****************************
   2          **  CPU: STC11L08XE
   3          **  晶振：22.1184MHZ
   4          **  波特率：9600 bit/S
   5          **  口令模式： 即每次识别时都需要说“小杰”这个口令 ，才能够进行下一级的识别
   6          /****************************绿深旗舰店*****************************/
   7          
   8          
   9          #include "config.h"
  10          /************************************************************************************/
  11          //  nAsrStatus 用来在main主程序中表示程序运行的状态，不是LD3320芯片内部的状态寄存器
  12          //  LD_ASR_NONE:    表示没有在作ASR识别
  13          //  LD_ASR_RUNING：   表示LD3320正在作ASR识别中
  14          //  LD_ASR_FOUNDOK:   表示一次识别流程结束后，有一个识别结果
  15          //  LD_ASR_FOUNDZERO: 表示一次识别流程结束后，没有识别结果
  16          //  LD_ASR_ERROR:   表示一次识别流程中LD3320芯片内部出现不正确的状态
  17          /***********************************************************************************/
  18          uint8 idata nAsrStatus=0;
  19          void MCU_init();
  20          void ProcessInt0(); //识别处理函数
  21          void delay(unsigned long uldata);
  22          void User_handle(uint8 dat);//用户执行操作函数
  23          void Delay200ms();
  24          void Led_test(void);//单片机工作指示
  25          uint8_t G0_flag=DISABLE;//运行标志，ENABLE:运行。DISABLE:禁止运行
  26          sbit LED=P4^2;//信号指示灯
  27          
  28          sbit SRD1 = P1^7;
  29          sbit SRD2 = P1^6;
  30          sbit SRD3 = P1^5;
  31          sbit SRD4 = P1^4;
  32          
  33          
  34          /***********************************************************
  35          * 名    称： void  main(void)
  36          * 功    能： 主函数 程序入口
  37          * 入口参数：
  38          * 出口参数：
  39          * 说    明：
  40          * 调用方法：
  41          **********************************************************/
  42          void  main(void)
  43          {
  44   1        uint8 idata nAsrRes;
  45   1        uint8 i=0;
  46   1        P1M0 = 0xFF;
  47   1        P1M1 = 0x00;
  48   1        SRD1 = SRD2 = SRD3 = SRD4 =0;
  49   1        Led_test();
  50   1        MCU_init();
  51   1        LD_Reset();
  52   1        UartIni(); /*串口初始化*/
  53   1        nAsrStatus = LD_ASR_NONE;   //  初始状态：没有在作ASR
  54   1      
C51 COMPILER V9.00   MAIN                                                                  04/27/2020 10:17:41 PAGE 2   

  55   1        while(1)
  56   1        {
  57   2          switch(nAsrStatus)
  58   2          {
  59   3          case LD_ASR_RUNING:
  60   3          case LD_ASR_ERROR:
  61   3            break;
  62   3          case LD_ASR_NONE:
  63   3          {
  64   4            nAsrStatus=LD_ASR_RUNING;
  65   4            if (RunASR()==0)  /*  启动一次ASR识别流程：ASR初始化，ASR添加关键词语，启动ASR运算*/
  66   4            {
  67   5              nAsrStatus = LD_ASR_ERROR;
  68   5            }
  69   4            break;
  70   4          }
  71   3          case LD_ASR_FOUNDOK: /* 一次ASR识别流程结束，去取ASR识别结果*/
  72   3          {
  73   4            nAsrRes = LD_GetResult();   /*获取结果*/
  74   4            User_handle(nAsrRes);//用户执行函数
  75   4            nAsrStatus = LD_ASR_NONE;
  76   4            break;
  77   4          }
  78   3          case LD_ASR_FOUNDZERO:
  79   3          default:
  80   3          {
  81   4            nAsrStatus = LD_ASR_NONE;
  82   4            break;
  83   4          }
  84   3          }// switch
  85   2        }// while
  86   1      
  87   1      }
  88          /***********************************************************
  89          * 名    称：   LED灯测试
  90          * 功    能： 单片机是否工作指示
  91          * 入口参数： 无
  92          * 出口参数：无
  93          * 说    明：
  94          **********************************************************/
  95          void Led_test(void)
  96          {
  97   1        LED=~ LED;
  98   1        Delay200ms();
  99   1        LED=~ LED;
 100   1        Delay200ms();
 101   1        LED=~ LED;
 102   1        Delay200ms();
 103   1        LED=~ LED;
 104   1        Delay200ms();
 105   1        LED=~ LED;
 106   1        Delay200ms();
 107   1        LED=~ LED;
 108   1      }
 109          /***********************************************************
 110          * 名    称： void MCU_init()
 111          * 功    能： 单片机初始化
 112          * 入口参数：
 113          * 出口参数：
 114          * 说    明：
 115          * 调用方法：
 116          **********************************************************/
C51 COMPILER V9.00   MAIN                                                                  04/27/2020 10:17:41 PAGE 3   

 117          void MCU_init()
 118          {
 119   1        P0 = 0xff;
 120   1        P1 = 0x00;
 121   1        P2 = 0xff;
 122   1        P3 = 0xff;
 123   1        P4 = 0xff;
 124   1      
 125   1      
 126   1        LD_MODE = 0;    //  设置MD管脚为低，并行模式读写
 127   1        IE0=1;
 128   1        EX0=1;
 129   1        EA=1;
 130   1      }
 131          /***********************************************************
 132          * 名    称：  延时函数
 133          * 功    能：
 134          * 入口参数：
 135          * 出口参数：
 136          * 说    明：
 137          * 调用方法：
 138          **********************************************************/
 139          void Delay200us()   //@22.1184MHz
 140          {
 141   1        unsigned char i, j;
 142   1        _nop_();
 143   1        _nop_();
 144   1        i = 5;
 145   1        j = 73;
 146   1        do
 147   1        {
 148   2          while (--j);
 149   2        }
 150   1        while (--i);
 151   1      }
 152          
 153          void  delay(unsigned long uldata)
 154          {
 155   1        unsigned int j  =  0;
 156   1        unsigned int g  =  0;
 157   1        while(uldata--)
 158   1          Delay200us();
 159   1      }
 160          
 161          void Delay200ms()   //@22.1184MHz
 162          {
 163   1        unsigned char i, j, k;
 164   1      
 165   1        i = 17;
 166   1        j = 208;
 167   1        k = 27;
 168   1        do
 169   1        {
 170   2          do
 171   2          {
 172   3            while (--k);
 173   3          }
 174   2          while (--j);
 175   2        }
 176   1        while (--i);
 177   1      }
 178          
C51 COMPILER V9.00   MAIN                                                                  04/27/2020 10:17:41 PAGE 4   

 179          /***********************************************************
 180          * 名    称： 中断处理函数
 181          * 功    能：
 182          * 入口参数：
 183          * 出口参数：
 184          * 说    明：
 185          * 调用方法：
 186          **********************************************************/
 187          void ExtInt0Handler(void) interrupt 0
 188          {
 189   1        ProcessInt0();
 190   1      }
 191          /***********************************************************
 192          * 名    称：用户执行函数
 193          * 功    能：识别成功后，执行动作可在此进行修改
 194          * 入口参数： 无
 195          * 出口参数：无
 196          * 说    明：
 197          **********************************************************/
 198          void  User_handle(uint8 dat)
 199          {
 200   1        if(0==dat)
 201   1        {
 202   2          G0_flag=ENABLE;
 203   2          UARTSendByte(0x01);
 204   2          PrintCom("1/r/n");
 205   2          LED=0;
 206   2        }
 207   1        else if(ENABLE==G0_flag)
 208   1        {
 209   2          G0_flag=DISABLE;
 210   2          LED=1;
 211   2          switch(dat)
 212   2          {
 213   3          case CODE_1:
 214   3            UARTSendByte(0x02);
 215   3            PrintCom("2/r/n");
 216   3            SRD1 = 1;
 217   3            break;
 218   3          case CODE_2:
 219   3            UARTSendByte(0x02);
 220   3            PrintCom("2/r/n");
 221   3            SRD1 = 0;
 222   3            break;
 223   3          case CODE_3:
 224   3            UARTSendByte(0x02);
 225   3            PrintCom("2/r/n");
 226   3            SRD2 = 1;
 227   3            break;
 228   3          case CODE_4:
 229   3            UARTSendByte(0x02);
 230   3            PrintCom("2/r/n");
 231   3            SRD2 = 0;
 232   3            break;
 233   3          case CODE_5:
 234   3            UARTSendByte(0x02);
 235   3            PrintCom("2/r/n");
 236   3            SRD3 = 1;
 237   3            break;
 238   3          case CODE_6:
 239   3            UARTSendByte(0x02);
 240   3            PrintCom("2/r/n");
C51 COMPILER V9.00   MAIN                                                                  04/27/2020 10:17:41 PAGE 5   

 241   3            SRD3 = 0;
 242   3            break;
 243   3          case CODE_7:
 244   3            UARTSendByte(0x03);
 245   3            PrintCom("3/r/n");
 246   3            SRD4 = 1;
 247   3            break;
 248   3          case CODE_8:
 249   3            UARTSendByte(0x03);
 250   3            PrintCom("3/r/n");
 251   3            SRD4 = 0;
 252   3            break;
 253   3          case CODE_9:
 254   3            UARTSendByte(0x03);
 255   3            PrintCom("3/r/n");
 256   3            SRD1 = 1;
 257   3            SRD2 = 1;
 258   3            SRD3 = 1;
 259   3            SRD4 = 1;
 260   3            break;
 261   3          case CODE_10:
 262   3            UARTSendByte(0x03);
 263   3            PrintCom("3/r/n");
 264   3            SRD1 = 0;
 265   3            SRD2 = 0;
 266   3            SRD3 = 0;
 267   3            SRD4 = 0;
 268   3            break;
 269   3          default:
 270   3            break;
 271   3          }
 272   2        }
 273   1        else
 274   1        {
 275   2          PrintCom("请说出一级口令\r\n"); 
 276   2        }
 277   1      }


MODULE INFORMATION:   STATIC OVERLAYABLE
   CODE SIZE        =    527    ----
   CONSTANT SIZE    =     35    ----
   XDATA SIZE       =   ----    ----
   PDATA SIZE       =   ----    ----
   DATA SIZE        =      1      10
   IDATA SIZE       =      1       1
   BIT SIZE         =   ----    ----
END OF MODULE INFORMATION.


C51 COMPILATION COMPLETE.  0 WARNING(S),  0 ERROR(S)
